<?xml version="1.0" encoding="UTF-8"?>
<!-- Generated by org.testng.reporters.JUnitReportReporter -->
<testsuite skipped="0" hostname="Lenovo" name="org.demoexcel.TestNGAssert1" tests="2" failures="0" timestamp="10 Apr 2021 08:19:24 GMT" time="46.491" errors="0">
  <testcase name="tc0" time="22.718" classname="org.demoexcel.TestNGAssert1"/>
  <testcase name="tc0" time="23.773" classname="org.demoexcel.TestNGAssert1"/>
</testsuite> <!-- org.demoexcel.TestNGAssert1 -->
