<?xml version="1.0" encoding="UTF-8"?>
<!-- Generated by org.testng.reporters.JUnitReportReporter -->
<testsuite skipped="0" hostname="Lenovo" name="org.demoexcel.TestNGAssert2" tests="8" failures="0" timestamp="10 Apr 2021 07:40:19 GMT" time="0.187" errors="0">
  <testcase name="tc1" time="0.016" classname="org.demoexcel.TestNGAssert2"/>
  <testcase name="tc3" time="0.031" classname="org.demoexcel.TestNGAssert2"/>
  <testcase name="tc0" time="0.047" classname="org.demoexcel.TestNGAssert2"/>
  <testcase name="tc2" time="0.015" classname="org.demoexcel.TestNGAssert2"/>
  <testcase name="tc2" time="0.000" classname="org.demoexcel.TestNGAssert2"/>
  <testcase name="tc3" time="0.000" classname="org.demoexcel.TestNGAssert2"/>
  <testcase name="tc0" time="0.062" classname="org.demoexcel.TestNGAssert2"/>
  <testcase name="tc1" time="0.016" classname="org.demoexcel.TestNGAssert2"/>
</testsuite> <!-- org.demoexcel.TestNGAssert2 -->
