<?xml version="1.0" encoding="UTF-8"?>
<!-- Generated by org.testng.reporters.JUnitReportReporter -->
<testsuite skipped="0" hostname="Lenovo" name="org.demoexcel.TestNGAssert" tests="3" failures="0" timestamp="10 Apr 2021 05:58:27 GMT" time="0.131" errors="0">
  <testcase name="tc2" time="0.058" classname="org.demoexcel.TestNGAssert"/>
  <testcase name="tc3" time="0.066" classname="org.demoexcel.TestNGAssert"/>
  <testcase name="tc4" time="0.007" classname="org.demoexcel.TestNGAssert"/>
</testsuite> <!-- org.demoexcel.TestNGAssert -->
