<?xml version="1.0" encoding="UTF-8"?>
<!-- Generated by org.testng.reporters.JUnitReportReporter -->
<testsuite skipped="0" hostname="Lenovo" name="org.demoexcel.BlazeDemoSite" tests="4" failures="0" timestamp="11 Apr 2021 15:58:42 GMT" time="14.827" errors="0">
  <testcase name="login" time="4.721" classname="org.demoexcel.BlazeDemoSite"/>
  <testcase name="selectLowestPrice" time="2.604" classname="org.demoexcel.BlazeDemoSite"/>
  <testcase name="purchase" time="6.969" classname="org.demoexcel.BlazeDemoSite"/>
  <testcase name="confirmation" time="0.533" classname="org.demoexcel.BlazeDemoSite"/>
</testsuite> <!-- org.demoexcel.BlazeDemoSite -->
